\BOOKMARK [1][-]{section.1}{\376\377\000D\000i\000a\000g\000o\000n\000a\000l\000i\000z\000i\000n\000g\000\040\000t\000h\000e\000\040\000C\000o\000u\000n\000t}{}% 1
\BOOKMARK [2][-]{subsection.1.1}{\376\377\000S\000u\000b\000l\000a\000t\000i\000o\000n\000\040\000i\000n\000\040\000C\000o\000u\000n\000t\000i\000n\000g\000:\000\040\000F\000r\000o\000m\000\040\000T\000a\000l\000l\000i\000e\000s\000\040\000t\000o\000\040\000B\000a\000s\000e\000\040\000S\000y\000s\000t\000e\000m\000s}{section.1}% 2
\BOOKMARK [1][-]{section.2}{\376\377\000U\000n\000d\000e\000r\000s\000t\000a\000n\000d\000i\000n\000g\000\040\000t\000h\000e\000\040\000R\000e\000c\000u\000r\000s\000i\000v\000e\000\040\000N\000a\000t\000u\000r\000e\000\040\000o\000f\000\040\000C\000o\000u\000n\000t\000i\000n\000g}{}% 3
\BOOKMARK [1][-]{section.3}{\376\377\000W\000h\000y\000\040\000U\000s\000e\000\040\000a\000\040\000P\000u\000s\000h\000d\000o\000w\000n\000\040\000A\000u\000t\000o\000m\000a\000t\000o\000n\000\040\000\050\000P\000D\000A\000\051\000?}{}% 4
\BOOKMARK [1][-]{section.4}{\376\377\000D\000e\000s\000i\000g\000n\000i\000n\000g\000\040\000a\000\040\000P\000D\000A\000\040\000f\000o\000r\000\040\000T\000h\000r\000e\000e\000-\000D\000i\000g\000i\000t\000\040\000B\000a\000s\000e\000-\0001\0000\000\040\000C\000o\000u\000n\000t\000i\000n\000g\000\040\000\050\0000\000-\0009\0009\0009\000\051}{}% 5
\BOOKMARK [2][-]{subsection.4.1}{\376\377\000S\000i\000m\000u\000l\000a\000t\000i\000n\000g\000\040\000T\000h\000r\000e\000e\000\040\000D\000i\000g\000i\000t\000s\000\040\000o\000n\000\040\000O\000n\000e\000\040\000S\000t\000a\000c\000k}{section.4}% 6
\BOOKMARK [2][-]{subsection.4.2}{\376\377\000C\000o\000m\000p\000o\000n\000e\000n\000t\000s\000\040\000o\000f\000\040\000t\000h\000e\000\040\000T\000h\000r\000e\000e\000-\000D\000i\000g\000i\000t\000\040\000P\000D\000A}{section.4}% 7
\BOOKMARK [2][-]{subsection.4.3}{\376\377\000A\000u\000t\000o\000m\000a\000t\000o\000n\000\040\000B\000e\000h\000a\000v\000i\000o\000r}{section.4}% 8
\BOOKMARK [1][-]{section.5}{\376\377\000S\000t\000a\000t\000e\000\040\000D\000i\000a\000g\000r\000a\000m\000\040\000f\000o\000r\000\040\000T\000h\000r\000e\000e\000-\000D\000i\000g\000i\000t\000\040\000C\000o\000u\000n\000t\000e\000r}{}% 9
\BOOKMARK [1][-]{section.6}{\376\377\000D\000e\000t\000a\000i\000l\000e\000d\000\040\000E\000x\000a\000m\000p\000l\000e\000\040\000E\000x\000e\000c\000u\000t\000i\000o\000n\000:\000\040\000C\000o\000u\000n\000t\000i\000n\000g\000\040\000f\000r\000o\000m\000\040\0009\0008\000\040\000t\000o\000\040\0001\0000\0001}{}% 10
\BOOKMARK [1][-]{section.7}{\376\377\000H\000a\000n\000d\000l\000i\000n\000g\000\040\000M\000u\000l\000t\000i\000-\000L\000e\000v\000e\000l\000\040\000C\000a\000r\000r\000i\000e\000s}{}% 11
\BOOKMARK [1][-]{section.8}{\376\377\000F\000o\000r\000m\000a\000l\000\040\000T\000r\000a\000n\000s\000i\000t\000i\000o\000n\000\040\000F\000u\000n\000c\000t\000i\000o\000n\000\040\000\050\000\051\000\040\000f\000o\000r\000\040\000T\000h\000r\000e\000e\000-\000D\000i\000g\000i\000t\000\040\000C\000o\000u\000n\000t\000e\000r}{}% 12
\BOOKMARK [1][-]{section.9}{\376\377\000E\000x\000a\000m\000p\000l\000e\000:\000\040\000C\000o\000u\000n\000t\000i\000n\000g\000\040\000f\000r\000o\000m\000\040\0009\0009\0008\000\040\000t\000o\000\040\000O\000v\000e\000r\000f\000l\000o\000w}{}% 13
\BOOKMARK [1][-]{section.10}{\376\377\000P\000r\000a\000c\000t\000i\000c\000a\000l\000\040\000C\000o\000n\000s\000i\000d\000e\000r\000a\000t\000i\000o\000n\000s\000\040\000a\000n\000d\000\040\000L\000i\000m\000i\000t\000a\000t\000i\000o\000n\000s}{}% 14
\BOOKMARK [1][-]{section.11}{\376\377\000C\000o\000n\000c\000l\000u\000s\000i\000o\000n}{}% 15
\BOOKMARK [2][-]{subsection.11.1}{\376\377\000K\000e\000y\000\040\000T\000a\000k\000e\000a\000w\000a\000y\000s}{section.11}% 16
\BOOKMARK [1][-]{section.12}{\376\377\000C\000o\000u\000n\000t\000i\000n\000g\000\040\000O\000n\000\040\000a\000n\000d\000\040\000C\000o\000u\000n\000t\000i\000n\000g\000\040\000B\000a\000c\000k}{}% 17
\BOOKMARK [2][-]{subsection.12.1}{\376\377\000F\000o\000r\000m\000a\000l\000\040\000D\000e\000s\000c\000r\000i\000p\000t\000i\000o\000n}{section.12}% 18
\BOOKMARK [2][-]{subsection.12.2}{\376\377\000S\000t\000a\000t\000e\000\040\000T\000a\000b\000l\000e}{section.12}% 19
\BOOKMARK [2][-]{subsection.12.3}{\376\377\000C\000i\000r\000c\000u\000l\000a\000r\000\040\000S\000t\000a\000t\000e\000\040\000D\000i\000a\000g\000r\000a\000m}{section.12}% 20
